<?xml version="1.0" encoding="UTF-8"?>
<testsuite xmlns:xsi="http://www.w3.org/2001/XMLSchema-instance" xsi:noNamespaceSchemaLocation="https://maven.apache.org/surefire/maven-surefire-plugin/xsd/surefire-test-report-3.0.xsd" version="3.0" name="service.AuthenticationServiceImplTest" time="2.31" tests="8" errors="0" skipped="0" failures="0">
  <properties>
    <property name="java.specification.version" value="21"/>
    <property name="sun.cpu.isalist" value="amd64"/>
    <property name="sun.jnu.encoding" value="Cp1252"/>
    <property name="java.class.path" value="C:\TTTN\POS PROJECT\target\test-classes;C:\TTTN\POS PROJECT\target\classes;C:\Users\shido\.m2\repository\org\hibernate\hibernate-core\5.6.15.Final\hibernate-core-5.6.15.Final.jar;C:\Users\shido\.m2\repository\org\jboss\logging\jboss-logging\3.4.3.Final\jboss-logging-3.4.3.Final.jar;C:\Users\shido\.m2\repository\javax\persistence\javax.persistence-api\2.2\javax.persistence-api-2.2.jar;C:\Users\shido\.m2\repository\antlr\antlr\2.7.7\antlr-2.7.7.jar;C:\Users\shido\.m2\repository\org\jboss\spec\javax\transaction\jboss-transaction-api_1.2_spec\1.1.1.Final\jboss-transaction-api_1.2_spec-1.1.1.Final.jar;C:\Users\shido\.m2\repository\org\jboss\jandex\2.4.2.Final\jandex-2.4.2.Final.jar;C:\Users\shido\.m2\repository\com\fasterxml\classmate\1.5.1\classmate-1.5.1.jar;C:\Users\shido\.m2\repository\javax\activation\javax.activation-api\1.2.0\javax.activation-api-1.2.0.jar;C:\Users\shido\.m2\repository\org\hibernate\common\hibernate-commons-annotations\5.1.2.Final\hibernate-commons-annotations-5.1.2.Final.jar;C:\Users\shido\.m2\repository\jakarta\persistence\jakarta.persistence-api\3.1.0\jakarta.persistence-api-3.1.0.jar;C:\Users\shido\.m2\repository\com\oracle\database\jdbc\ojdbc11\23.4.0.24.05\ojdbc11-23.4.0.24.05.jar;C:\Users\shido\.m2\repository\org\springframework\data\spring-data-jpa\3.3.2\spring-data-jpa-3.3.2.jar;C:\Users\shido\.m2\repository\org\springframework\data\spring-data-commons\3.3.2\spring-data-commons-3.3.2.jar;C:\Users\shido\.m2\repository\org\springframework\spring-orm\6.1.9\spring-orm-6.1.9.jar;C:\Users\shido\.m2\repository\org\springframework\spring-jdbc\6.1.9\spring-jdbc-6.1.9.jar;C:\Users\shido\.m2\repository\org\springframework\spring-context\6.1.9\spring-context-6.1.9.jar;C:\Users\shido\.m2\repository\org\springframework\spring-expression\6.1.9\spring-expression-6.1.9.jar;C:\Users\shido\.m2\repository\io\micrometer\micrometer-observation\1.12.7\micrometer-observation-1.12.7.jar;C:\Users\shido\.m2\repository\io\micrometer\micrometer-commons\1.12.7\micrometer-commons-1.12.7.jar;C:\Users\shido\.m2\repository\org\springframework\spring-aop\6.1.9\spring-aop-6.1.9.jar;C:\Users\shido\.m2\repository\org\springframework\spring-tx\6.1.9\spring-tx-6.1.9.jar;C:\Users\shido\.m2\repository\org\springframework\spring-beans\6.1.9\spring-beans-6.1.9.jar;C:\Users\shido\.m2\repository\org\springframework\spring-core\6.1.9\spring-core-6.1.9.jar;C:\Users\shido\.m2\repository\org\springframework\spring-jcl\6.1.9\spring-jcl-6.1.9.jar;C:\Users\shido\.m2\repository\org\antlr\antlr4-runtime\4.13.0\antlr4-runtime-4.13.0.jar;C:\Users\shido\.m2\repository\jakarta\annotation\jakarta.annotation-api\2.0.0\jakarta.annotation-api-2.0.0.jar;C:\Users\shido\.m2\repository\org\projectlombok\lombok\1.18.38\lombok-1.18.38.jar;C:\Users\shido\.m2\repository\org\slf4j\slf4j-api\2.0.9\slf4j-api-2.0.9.jar;C:\Users\shido\.m2\repository\ch\qos\logback\logback-classic\1.4.11\logback-classic-1.4.11.jar;C:\Users\shido\.m2\repository\ch\qos\logback\logback-core\1.4.11\logback-core-1.4.11.jar;C:\Users\shido\.m2\repository\org\apache\logging\log4j\log4j-api\2.23.1\log4j-api-2.23.1.jar;C:\Users\shido\.m2\repository\org\apache\logging\log4j\log4j-core\2.23.1\log4j-core-2.23.1.jar;C:\Users\shido\.m2\repository\com\google\zxing\core\3.5.3\core-3.5.3.jar;C:\Users\shido\.m2\repository\com\google\zxing\javase\3.5.3\javase-3.5.3.jar;C:\Users\shido\.m2\repository\com\beust\jcommander\1.82\jcommander-1.82.jar;C:\Users\shido\.m2\repository\com\github\jai-imageio\jai-imageio-core\1.4.0\jai-imageio-core-1.4.0.jar;C:\Users\shido\.m2\repository\com\sun\mail\jakarta.mail\2.0.1\jakarta.mail-2.0.1.jar;C:\Users\shido\.m2\repository\com\sun\activation\jakarta.activation\2.0.1\jakarta.activation-2.0.1.jar;C:\Users\shido\.m2\repository\com\itextpdf\itextpdf\5.5.13.3\itextpdf-5.5.13.3.jar;C:\Users\shido\.m2\repository\org\jsoup\jsoup\1.18.1\jsoup-1.18.1.jar;C:\Users\shido\.m2\repository\org\hibernate\hibernate-c3p0\5.6.15.Final\hibernate-c3p0-5.6.15.Final.jar;C:\Users\shido\.m2\repository\com\mchange\c3p0\0.9.5.5\c3p0-0.9.5.5.jar;C:\Users\shido\.m2\repository\com\mchange\mchange-commons-java\0.2.19\mchange-commons-java-0.2.19.jar;C:\Users\shido\.m2\repository\jakarta\xml\bind\jakarta.xml.bind-api\3.0.1\jakarta.xml.bind-api-3.0.1.jar;C:\Users\shido\.m2\repository\org\glassfish\jaxb\jaxb-runtime\3.0.1\jaxb-runtime-3.0.1.jar;C:\Users\shido\.m2\repository\org\glassfish\jaxb\jaxb-core\3.0.1\jaxb-core-3.0.1.jar;C:\Users\shido\.m2\repository\org\glassfish\jaxb\txw2\3.0.1\txw2-3.0.1.jar;C:\Users\shido\.m2\repository\com\sun\istack\istack-commons-runtime\4.0.1\istack-commons-runtime-4.0.1.jar;C:\Users\shido\.m2\repository\org\apache\poi\poi\5.2.3\poi-5.2.3.jar;C:\Users\shido\.m2\repository\commons-codec\commons-codec\1.15\commons-codec-1.15.jar;C:\Users\shido\.m2\repository\org\apache\commons\commons-collections4\4.4\commons-collections4-4.4.jar;C:\Users\shido\.m2\repository\org\apache\commons\commons-math3\3.6.1\commons-math3-3.6.1.jar;C:\Users\shido\.m2\repository\commons-io\commons-io\2.11.0\commons-io-2.11.0.jar;C:\Users\shido\.m2\repository\com\zaxxer\SparseBitSet\1.2\SparseBitSet-1.2.jar;C:\Users\shido\.m2\repository\org\apache\poi\poi-ooxml\5.2.3\poi-ooxml-5.2.3.jar;C:\Users\shido\.m2\repository\org\apache\poi\poi-ooxml-lite\5.2.3\poi-ooxml-lite-5.2.3.jar;C:\Users\shido\.m2\repository\org\apache\commons\commons-compress\1.21\commons-compress-1.21.jar;C:\Users\shido\.m2\repository\com\github\virtuald\curvesapi\1.07\curvesapi-1.07.jar;C:\Users\shido\.m2\repository\org\apache\poi\poi-ooxml-schemas\4.1.2\poi-ooxml-schemas-4.1.2.jar;C:\Users\shido\.m2\repository\org\apache\xmlbeans\xmlbeans\5.1.1\xmlbeans-5.1.1.jar;C:\Users\shido\.m2\repository\org\junit\jupiter\junit-jupiter-api\5.9.2\junit-jupiter-api-5.9.2.jar;C:\Users\shido\.m2\repository\org\opentest4j\opentest4j\1.2.0\opentest4j-1.2.0.jar;C:\Users\shido\.m2\repository\org\junit\platform\junit-platform-commons\1.9.2\junit-platform-commons-1.9.2.jar;C:\Users\shido\.m2\repository\org\apiguardian\apiguardian-api\1.1.2\apiguardian-api-1.1.2.jar;C:\Users\shido\.m2\repository\org\junit\jupiter\junit-jupiter-engine\5.9.2\junit-jupiter-engine-5.9.2.jar;C:\Users\shido\.m2\repository\org\junit\platform\junit-platform-engine\1.9.2\junit-platform-engine-1.9.2.jar;C:\Users\shido\.m2\repository\org\mockito\mockito-core\5.17.0\mockito-core-5.17.0.jar;C:\Users\shido\.m2\repository\org\objenesis\objenesis\3.3\objenesis-3.3.jar;C:\Users\shido\.m2\repository\net\bytebuddy\byte-buddy\1.17.5\byte-buddy-1.17.5.jar;C:\Users\shido\.m2\repository\net\bytebuddy\byte-buddy-agent\1.17.5\byte-buddy-agent-1.17.5.jar;C:\Users\shido\.m2\repository\org\openpnp\opencv\4.9.0-0\opencv-4.9.0-0.jar;C:\Users\shido\.m2\repository\org\apache\pdfbox\pdfbox\3.0.4\pdfbox-3.0.4.jar;C:\Users\shido\.m2\repository\org\apache\pdfbox\pdfbox-io\3.0.4\pdfbox-io-3.0.4.jar;C:\Users\shido\.m2\repository\org\apache\pdfbox\fontbox\3.0.4\fontbox-3.0.4.jar;C:\Users\shido\.m2\repository\commons-logging\commons-logging\1.3.4\commons-logging-1.3.4.jar;C:\Users\shido\.m2\repository\com\toedter\jcalendar\1.4\jcalendar-1.4.jar;C:\Users\shido\.m2\repository\javax\xml\bind\jaxb-api\2.3.1\jaxb-api-2.3.1.jar;"/>
    <property name="java.vm.vendor" value="Oracle Corporation"/>
    <property name="sun.arch.data.model" value="64"/>
    <property name="user.variant" value=""/>
    <property name="java.vendor.url" value="https://java.oracle.com/"/>
    <property name="user.timezone" value="Asia/Saigon"/>
    <property name="os.name" value="Windows 11"/>
    <property name="java.vm.specification.version" value="21"/>
    <property name="sun.java.launcher" value="SUN_STANDARD"/>
    <property name="user.country" value="US"/>
    <property name="sun.boot.library.path" value="C:\Program Files\Java\jdk-21\bin"/>
    <property name="sun.java.command" value="C:\Users\shido\AppData\Local\Temp\surefire15216775230174967784\surefirebooter-20250604140310272_3.jar C:\Users\shido\AppData\Local\Temp\surefire15216775230174967784 2025-06-04T14-03-08_328-jvmRun1 surefire-20250604140310272_1tmp surefire_0-20250604140310272_2tmp"/>
    <property name="jdk.debug" value="release"/>
    <property name="surefire.test.class.path" value="C:\TTTN\POS PROJECT\target\test-classes;C:\TTTN\POS PROJECT\target\classes;C:\Users\shido\.m2\repository\org\hibernate\hibernate-core\5.6.15.Final\hibernate-core-5.6.15.Final.jar;C:\Users\shido\.m2\repository\org\jboss\logging\jboss-logging\3.4.3.Final\jboss-logging-3.4.3.Final.jar;C:\Users\shido\.m2\repository\javax\persistence\javax.persistence-api\2.2\javax.persistence-api-2.2.jar;C:\Users\shido\.m2\repository\antlr\antlr\2.7.7\antlr-2.7.7.jar;C:\Users\shido\.m2\repository\org\jboss\spec\javax\transaction\jboss-transaction-api_1.2_spec\1.1.1.Final\jboss-transaction-api_1.2_spec-1.1.1.Final.jar;C:\Users\shido\.m2\repository\org\jboss\jandex\2.4.2.Final\jandex-2.4.2.Final.jar;C:\Users\shido\.m2\repository\com\fasterxml\classmate\1.5.1\classmate-1.5.1.jar;C:\Users\shido\.m2\repository\javax\activation\javax.activation-api\1.2.0\javax.activation-api-1.2.0.jar;C:\Users\shido\.m2\repository\org\hibernate\common\hibernate-commons-annotations\5.1.2.Final\hibernate-commons-annotations-5.1.2.Final.jar;C:\Users\shido\.m2\repository\jakarta\persistence\jakarta.persistence-api\3.1.0\jakarta.persistence-api-3.1.0.jar;C:\Users\shido\.m2\repository\com\oracle\database\jdbc\ojdbc11\23.4.0.24.05\ojdbc11-23.4.0.24.05.jar;C:\Users\shido\.m2\repository\org\springframework\data\spring-data-jpa\3.3.2\spring-data-jpa-3.3.2.jar;C:\Users\shido\.m2\repository\org\springframework\data\spring-data-commons\3.3.2\spring-data-commons-3.3.2.jar;C:\Users\shido\.m2\repository\org\springframework\spring-orm\6.1.9\spring-orm-6.1.9.jar;C:\Users\shido\.m2\repository\org\springframework\spring-jdbc\6.1.9\spring-jdbc-6.1.9.jar;C:\Users\shido\.m2\repository\org\springframework\spring-context\6.1.9\spring-context-6.1.9.jar;C:\Users\shido\.m2\repository\org\springframework\spring-expression\6.1.9\spring-expression-6.1.9.jar;C:\Users\shido\.m2\repository\io\micrometer\micrometer-observation\1.12.7\micrometer-observation-1.12.7.jar;C:\Users\shido\.m2\repository\io\micrometer\micrometer-commons\1.12.7\micrometer-commons-1.12.7.jar;C:\Users\shido\.m2\repository\org\springframework\spring-aop\6.1.9\spring-aop-6.1.9.jar;C:\Users\shido\.m2\repository\org\springframework\spring-tx\6.1.9\spring-tx-6.1.9.jar;C:\Users\shido\.m2\repository\org\springframework\spring-beans\6.1.9\spring-beans-6.1.9.jar;C:\Users\shido\.m2\repository\org\springframework\spring-core\6.1.9\spring-core-6.1.9.jar;C:\Users\shido\.m2\repository\org\springframework\spring-jcl\6.1.9\spring-jcl-6.1.9.jar;C:\Users\shido\.m2\repository\org\antlr\antlr4-runtime\4.13.0\antlr4-runtime-4.13.0.jar;C:\Users\shido\.m2\repository\jakarta\annotation\jakarta.annotation-api\2.0.0\jakarta.annotation-api-2.0.0.jar;C:\Users\shido\.m2\repository\org\projectlombok\lombok\1.18.38\lombok-1.18.38.jar;C:\Users\shido\.m2\repository\org\slf4j\slf4j-api\2.0.9\slf4j-api-2.0.9.jar;C:\Users\shido\.m2\repository\ch\qos\logback\logback-classic\1.4.11\logback-classic-1.4.11.jar;C:\Users\shido\.m2\repository\ch\qos\logback\logback-core\1.4.11\logback-core-1.4.11.jar;C:\Users\shido\.m2\repository\org\apache\logging\log4j\log4j-api\2.23.1\log4j-api-2.23.1.jar;C:\Users\shido\.m2\repository\org\apache\logging\log4j\log4j-core\2.23.1\log4j-core-2.23.1.jar;C:\Users\shido\.m2\repository\com\google\zxing\core\3.5.3\core-3.5.3.jar;C:\Users\shido\.m2\repository\com\google\zxing\javase\3.5.3\javase-3.5.3.jar;C:\Users\shido\.m2\repository\com\beust\jcommander\1.82\jcommander-1.82.jar;C:\Users\shido\.m2\repository\com\github\jai-imageio\jai-imageio-core\1.4.0\jai-imageio-core-1.4.0.jar;C:\Users\shido\.m2\repository\com\sun\mail\jakarta.mail\2.0.1\jakarta.mail-2.0.1.jar;C:\Users\shido\.m2\repository\com\sun\activation\jakarta.activation\2.0.1\jakarta.activation-2.0.1.jar;C:\Users\shido\.m2\repository\com\itextpdf\itextpdf\5.5.13.3\itextpdf-5.5.13.3.jar;C:\Users\shido\.m2\repository\org\jsoup\jsoup\1.18.1\jsoup-1.18.1.jar;C:\Users\shido\.m2\repository\org\hibernate\hibernate-c3p0\5.6.15.Final\hibernate-c3p0-5.6.15.Final.jar;C:\Users\shido\.m2\repository\com\mchange\c3p0\0.9.5.5\c3p0-0.9.5.5.jar;C:\Users\shido\.m2\repository\com\mchange\mchange-commons-java\0.2.19\mchange-commons-java-0.2.19.jar;C:\Users\shido\.m2\repository\jakarta\xml\bind\jakarta.xml.bind-api\3.0.1\jakarta.xml.bind-api-3.0.1.jar;C:\Users\shido\.m2\repository\org\glassfish\jaxb\jaxb-runtime\3.0.1\jaxb-runtime-3.0.1.jar;C:\Users\shido\.m2\repository\org\glassfish\jaxb\jaxb-core\3.0.1\jaxb-core-3.0.1.jar;C:\Users\shido\.m2\repository\org\glassfish\jaxb\txw2\3.0.1\txw2-3.0.1.jar;C:\Users\shido\.m2\repository\com\sun\istack\istack-commons-runtime\4.0.1\istack-commons-runtime-4.0.1.jar;C:\Users\shido\.m2\repository\org\apache\poi\poi\5.2.3\poi-5.2.3.jar;C:\Users\shido\.m2\repository\commons-codec\commons-codec\1.15\commons-codec-1.15.jar;C:\Users\shido\.m2\repository\org\apache\commons\commons-collections4\4.4\commons-collections4-4.4.jar;C:\Users\shido\.m2\repository\org\apache\commons\commons-math3\3.6.1\commons-math3-3.6.1.jar;C:\Users\shido\.m2\repository\commons-io\commons-io\2.11.0\commons-io-2.11.0.jar;C:\Users\shido\.m2\repository\com\zaxxer\SparseBitSet\1.2\SparseBitSet-1.2.jar;C:\Users\shido\.m2\repository\org\apache\poi\poi-ooxml\5.2.3\poi-ooxml-5.2.3.jar;C:\Users\shido\.m2\repository\org\apache\poi\poi-ooxml-lite\5.2.3\poi-ooxml-lite-5.2.3.jar;C:\Users\shido\.m2\repository\org\apache\commons\commons-compress\1.21\commons-compress-1.21.jar;C:\Users\shido\.m2\repository\com\github\virtuald\curvesapi\1.07\curvesapi-1.07.jar;C:\Users\shido\.m2\repository\org\apache\poi\poi-ooxml-schemas\4.1.2\poi-ooxml-schemas-4.1.2.jar;C:\Users\shido\.m2\repository\org\apache\xmlbeans\xmlbeans\5.1.1\xmlbeans-5.1.1.jar;C:\Users\shido\.m2\repository\org\junit\jupiter\junit-jupiter-api\5.9.2\junit-jupiter-api-5.9.2.jar;C:\Users\shido\.m2\repository\org\opentest4j\opentest4j\1.2.0\opentest4j-1.2.0.jar;C:\Users\shido\.m2\repository\org\junit\platform\junit-platform-commons\1.9.2\junit-platform-commons-1.9.2.jar;C:\Users\shido\.m2\repository\org\apiguardian\apiguardian-api\1.1.2\apiguardian-api-1.1.2.jar;C:\Users\shido\.m2\repository\org\junit\jupiter\junit-jupiter-engine\5.9.2\junit-jupiter-engine-5.9.2.jar;C:\Users\shido\.m2\repository\org\junit\platform\junit-platform-engine\1.9.2\junit-platform-engine-1.9.2.jar;C:\Users\shido\.m2\repository\org\mockito\mockito-core\5.17.0\mockito-core-5.17.0.jar;C:\Users\shido\.m2\repository\org\objenesis\objenesis\3.3\objenesis-3.3.jar;C:\Users\shido\.m2\repository\net\bytebuddy\byte-buddy\1.17.5\byte-buddy-1.17.5.jar;C:\Users\shido\.m2\repository\net\bytebuddy\byte-buddy-agent\1.17.5\byte-buddy-agent-1.17.5.jar;C:\Users\shido\.m2\repository\org\openpnp\opencv\4.9.0-0\opencv-4.9.0-0.jar;C:\Users\shido\.m2\repository\org\apache\pdfbox\pdfbox\3.0.4\pdfbox-3.0.4.jar;C:\Users\shido\.m2\repository\org\apache\pdfbox\pdfbox-io\3.0.4\pdfbox-io-3.0.4.jar;C:\Users\shido\.m2\repository\org\apache\pdfbox\fontbox\3.0.4\fontbox-3.0.4.jar;C:\Users\shido\.m2\repository\commons-logging\commons-logging\1.3.4\commons-logging-1.3.4.jar;C:\Users\shido\.m2\repository\com\toedter\jcalendar\1.4\jcalendar-1.4.jar;C:\Users\shido\.m2\repository\javax\xml\bind\jaxb-api\2.3.1\jaxb-api-2.3.1.jar;"/>
    <property name="sun.cpu.endian" value="little"/>
    <property name="user.home" value="C:\Users\shido"/>
    <property name="user.language" value="en"/>
    <property name="java.specification.vendor" value="Oracle Corporation"/>
    <property name="java.version.date" value="2024-01-16"/>
    <property name="java.home" value="C:\Program Files\Java\jdk-21"/>
    <property name="file.separator" value="\"/>
    <property name="basedir" value="C:\TTTN\POS PROJECT"/>
    <property name="java.vm.compressedOopsMode" value="32-bit"/>
    <property name="line.separator" value="&#10;"/>
    <property name="java.vm.specification.vendor" value="Oracle Corporation"/>
    <property name="java.specification.name" value="Java Platform API Specification"/>
    <property name="surefire.real.class.path" value="C:\Users\shido\AppData\Local\Temp\surefire15216775230174967784\surefirebooter-20250604140310272_3.jar"/>
    <property name="user.script" value=""/>
    <property name="sun.management.compiler" value="HotSpot 64-Bit Tiered Compilers"/>
    <property name="java.runtime.version" value="21.0.2+13-LTS-58"/>
    <property name="user.name" value="shido"/>
    <property name="stdout.encoding" value="Cp1252"/>
    <property name="path.separator" value=";"/>
    <property name="os.version" value="10.0"/>
    <property name="java.runtime.name" value="Java(TM) SE Runtime Environment"/>
    <property name="file.encoding" value="UTF-8"/>
    <property name="java.vm.name" value="Java HotSpot(TM) 64-Bit Server VM"/>
    <property name="localRepository" value="C:\Users\shido\.m2\repository"/>
    <property name="java.vendor.url.bug" value="https://bugreport.java.com/bugreport/"/>
    <property name="java.io.tmpdir" value="C:\Users\shido\AppData\Local\Temp\"/>
    <property name="java.version" value="21.0.2"/>
    <property name="user.dir" value="C:\TTTN\POS PROJECT"/>
    <property name="os.arch" value="amd64"/>
    <property name="java.vm.specification.name" value="Java Virtual Machine Specification"/>
    <property name="sun.os.patch.level" value=""/>
    <property name="native.encoding" value="Cp1252"/>
    <property name="java.library.path" value="C:\Program Files\Java\jdk-21\bin;C:\WINDOWS\Sun\Java\bin;C:\WINDOWS\system32;C:\WINDOWS;C:\Oracle\bin;C:\Program Files\Common Files\Oracle\Java\javapath;C:\WINDOWS\system32;C:\WINDOWS;C:\WINDOWS\System32\Wbem;C:\WINDOWS\System32\WindowsPowerShell\v1.0\;C:\WINDOWS\System32\OpenSSH\;C:\Program Files\Git\cmd;C:\Program Files\nodejs\;C:\Program Files\Microsoft SQL Server\150\Tools\Binn\;C:\Program Files\Microsoft SQL Server\Client SDK\ODBC\170\Tools\Binn\;C:\Program Files\dotnet\;C:\Program Files (x86)\Microsoft SQL Server\160\Tools\Binn\;C:\Program Files\Microsoft SQL Server\160\Tools\Binn\;C:\Program Files\Microsoft SQL Server\160\DTS\Binn\;C:\Program Files (x86)\Microsoft SQL Server\160\DTS\Binn\;C:\Users\shido\AppData\Local\Programs\Python\Python312;C:\Users\shido\AppData\Local\Programs\Python\Python312\Scripts;C:\Program Files (x86)\ZeroTier\One\;C:\Program Files\Apache Software Foundation\apache-maven-3.9.9\bin;C:\Program Files\Java\jdk-21\bin;C:\Users\shido\AppData\Local\Programs\Python\Launcher\;C:\Users\shido\AppData\Local\Microsoft\WindowsApps;C:\Users\shido\AppData\Local\Programs\Microsoft VS Code\bin;C:\Users\shido\AppData\Roaming\npm;C:\Program Files\JetBrains\PyCharm Community Edition 2023.3.4\bin;;C:\Users\shido\AppData\Local\JetBrains\Toolbox\scripts;C:\Users\shido\.dotnet\tools;C:\Users\shido\AppData\Local\GitHubDesktop\bin;C:\Users\shido\AppData\Local\Flutter\flutter\bin;;C:\Users\shido\AppData\Local\Microsoft\WindowsApps;."/>
    <property name="java.vm.info" value="mixed mode, sharing"/>
    <property name="stderr.encoding" value="Cp1252"/>
    <property name="java.vendor" value="Oracle Corporation"/>
    <property name="java.vm.version" value="21.0.2+13-LTS-58"/>
    <property name="sun.io.unicode.encoding" value="UnicodeLittle"/>
    <property name="java.class.version" value="65.0"/>
  </properties>
  <testcase name="testLogoutTokenNotFound" classname="service.AuthenticationServiceImplTest" time="2.175">
    <system-out><![CDATA[2025-06-04T07:03:12.830731800Z main DEBUG Apache Log4j Core 2.23 initializing configuration XmlConfiguration[location=C:\TTTN\POS PROJECT\target\classes\log4j2.xml]
2025-06-04T07:03:12.832783600Z main DEBUG PluginManager 'Core' found 131 plugins
2025-06-04T07:03:12.832783600Z main DEBUG PluginManager 'Level' found 0 plugins
2025-06-04T07:03:12.836969500Z main DEBUG PluginManager 'Lookup' found 16 plugins
2025-06-04T07:03:12.837970700Z main DEBUG Building Plugin[name=layout, class=org.apache.logging.log4j.core.layout.PatternLayout].
2025-06-04T07:03:12.848106900Z main DEBUG PluginManager 'TypeConverter' found 26 plugins
2025-06-04T07:03:12.862273500Z main DEBUG PatternLayout$Builder(pattern="[%-5level] %d{dd-MM-yyyy HH:mm:ss} [%t] %c{1} - %msg%n", PatternSelector=null, Configuration(C:\TTTN\POS PROJECT\target\classes\log4j2.xml), Replace=null, charset="null", alwaysWriteExceptions="null", disableAnsi="null", noConsoleNoAnsi="null", header="null", footer="null")
2025-06-04T07:03:12.862273500Z main DEBUG PluginManager 'Converter' found 45 plugins
2025-06-04T07:03:12.868112700Z main DEBUG Building Plugin[name=appender, class=org.apache.logging.log4j.core.appender.ConsoleAppender].
2025-06-04T07:03:12.874600400Z main DEBUG ConsoleAppender$Builder(target="SYSTEM_OUT", follow="null", direct="null", bufferedIo="null", bufferSize="null", immediateFlush="null", ignoreExceptions="null", PatternLayout([%-5level] %d{dd-MM-yyyy HH:mm:ss} [%t] %c{1} - %msg%n), name="LogToConsole", Configuration(C:\TTTN\POS PROJECT\target\classes\log4j2.xml), Filter=null, ={})
2025-06-04T07:03:12.878334700Z main DEBUG Starting OutputStreamManager SYSTEM_OUT.false.false
2025-06-04T07:03:12.878334700Z main DEBUG Building Plugin[name=layout, class=org.apache.logging.log4j.core.layout.PatternLayout].
2025-06-04T07:03:12.878334700Z main DEBUG PatternLayout$Builder(pattern="[%-5level] %d{dd-MM-yyyy HH:mm:ss} [%t] %c{1} - %msg%n", PatternSelector=null, Configuration(C:\TTTN\POS PROJECT\target\classes\log4j2.xml), Replace=null, charset="null", alwaysWriteExceptions="null", disableAnsi="null", noConsoleNoAnsi="null", header="null", footer="null")
2025-06-04T07:03:12.879533300Z main DEBUG Building Plugin[name=TimeBasedTriggeringPolicy, class=org.apache.logging.log4j.core.appender.rolling.TimeBasedTriggeringPolicy].
2025-06-04T07:03:12.883804100Z main DEBUG TimeBasedTriggeringPolicy$Builder(interval="1", modulate="true", maxRandomDelay="null")
2025-06-04T07:03:12.884857800Z main DEBUG Building Plugin[name=SizeBasedTriggeringPolicy, class=org.apache.logging.log4j.core.appender.rolling.SizeBasedTriggeringPolicy].
2025-06-04T07:03:12.889352500Z main DEBUG createPolicy(size="10 MB")
2025-06-04T07:03:12.891694500Z main DEBUG Building Plugin[name=Policies, class=org.apache.logging.log4j.core.appender.rolling.CompositeTriggeringPolicy].
2025-06-04T07:03:12.892699900Z main DEBUG createPolicy(={TimeBasedTriggeringPolicy(nextRolloverMillis=0, interval=1, modulate=true), SizeBasedTriggeringPolicy(size=10485760)})
2025-06-04T07:03:12.892699900Z main DEBUG Building Plugin[name=DefaultRolloverStrategy, class=org.apache.logging.log4j.core.appender.rolling.DefaultRolloverStrategy].
2025-06-04T07:03:12.895787900Z main DEBUG DefaultRolloverStrategy$Builder(max="10", min="null", fileIndex="null", compressionLevel="null", ={}, stopCustomActionsOnError="null", tempCompressedFilePattern="null", Configuration(C:\TTTN\POS PROJECT\target\classes\log4j2.xml))
2025-06-04T07:03:12.895787900Z main DEBUG Building Plugin[name=appender, class=org.apache.logging.log4j.core.appender.RollingFileAppender].
2025-06-04T07:03:12.898159100Z main DEBUG RollingFileAppender$Builder(fileName="logs/POS.log", filePattern="logs/POS-%d{yyyy-MM-dd}-%i.log", append="null", locking="null", Policies(CompositeTriggeringPolicy(policies=[TimeBasedTriggeringPolicy(nextRolloverMillis=0, interval=1, modulate=true), SizeBasedTriggeringPolicy(size=10485760)])), DefaultRolloverStrategy(DefaultRolloverStrategy(min=1, max=10, useMax=true)), advertise="null", advertiseUri="null", createOnDemand="null", filePermissions="null", fileOwner="null", fileGroup="null", bufferedIo="null", bufferSize="null", immediateFlush="null", ignoreExceptions="null", PatternLayout([%-5level] %d{dd-MM-yyyy HH:mm:ss} [%t] %c{1} - %msg%n), name="RollingFile", Configuration(C:\TTTN\POS PROJECT\target\classes\log4j2.xml), Filter=null, ={})
2025-06-04T07:03:12.904618700Z main DEBUG Returning file creation time for C:\TTTN\POS PROJECT\logs\POS.log
2025-06-04T07:03:12.904618700Z main DEBUG Starting RollingFileManager logs/POS.log
2025-06-04T07:03:12.907083100Z main DEBUG PluginManager 'FileConverter' found 2 plugins
2025-06-04T07:03:12.911357200Z main DEBUG Setting prev file time to 2025-05-31T14:01:37.099+0700
2025-06-04T07:03:12.911357200Z main DEBUG Initializing triggering policy CompositeTriggeringPolicy(policies=[TimeBasedTriggeringPolicy(nextRolloverMillis=0, interval=1, modulate=true), SizeBasedTriggeringPolicy(size=10485760)])
2025-06-04T07:03:12.911357200Z main DEBUG Initializing triggering policy TimeBasedTriggeringPolicy(nextRolloverMillis=0, interval=1, modulate=true)
2025-06-04T07:03:12.912378100Z main DEBUG Initializing triggering policy SizeBasedTriggeringPolicy(size=10485760)
2025-06-04T07:03:12.912378100Z main DEBUG Building Plugin[name=appenders, class=org.apache.logging.log4j.core.config.AppendersPlugin].
2025-06-04T07:03:12.912378100Z main DEBUG createAppenders(={LogToConsole, RollingFile})
2025-06-04T07:03:12.912378100Z main DEBUG Building Plugin[name=AppenderRef, class=org.apache.logging.log4j.core.config.AppenderRef].
2025-06-04T07:03:12.913874500Z main DEBUG createAppenderRef(ref="RollingFile", level="null", Filter=null)
2025-06-04T07:03:12.914879900Z main DEBUG Building Plugin[name=AppenderRef, class=org.apache.logging.log4j.core.config.AppenderRef].
2025-06-04T07:03:12.914879900Z main DEBUG createAppenderRef(ref="LogToConsole", level="null", Filter=null)
2025-06-04T07:03:12.914879900Z main DEBUG Building Plugin[name=logger, class=org.apache.logging.log4j.core.config.LoggerConfig].
2025-06-04T07:03:12.916879700Z main DEBUG LoggerConfig$Builder(additivity="false", level="DEBUG", levelAndRefs="null", name="PointOfSale", includeLocation="null", ={RollingFile, LogToConsole}, ={}, Configuration(C:\TTTN\POS PROJECT\target\classes\log4j2.xml), Filter=null)
2025-06-04T07:03:12.920139Z main DEBUG Building Plugin[name=AppenderRef, class=org.apache.logging.log4j.core.config.AppenderRef].
2025-06-04T07:03:12.920139Z main DEBUG createAppenderRef(ref="LogToConsole", level="null", Filter=null)
2025-06-04T07:03:12.920139Z main DEBUG Building Plugin[name=AppenderRef, class=org.apache.logging.log4j.core.config.AppenderRef].
2025-06-04T07:03:12.920139Z main DEBUG createAppenderRef(ref="RollingFile", level="null", Filter=null)
2025-06-04T07:03:12.921152300Z main DEBUG Building Plugin[name=root, class=org.apache.logging.log4j.core.config.LoggerConfig$RootLogger].
2025-06-04T07:03:12.922217900Z main DEBUG LoggerConfig$RootLogger$Builder(additivity="null", level="INFO", levelAndRefs="null", includeLocation="null", ={LogToConsole, RollingFile}, ={}, Configuration(C:\TTTN\POS PROJECT\target\classes\log4j2.xml), Filter=null)
2025-06-04T07:03:12.923472500Z main DEBUG Building Plugin[name=loggers, class=org.apache.logging.log4j.core.config.LoggersPlugin].
2025-06-04T07:03:12.924480600Z main DEBUG createLoggers(={PointOfSale, root})
2025-06-04T07:03:12.925480400Z main DEBUG Configuration XmlConfiguration[location=C:\TTTN\POS PROJECT\target\classes\log4j2.xml] initialized
2025-06-04T07:03:12.925480400Z main DEBUG Starting configuration XmlConfiguration[location=C:\TTTN\POS PROJECT\target\classes\log4j2.xml]
2025-06-04T07:03:12.925480400Z main DEBUG Started configuration XmlConfiguration[location=C:\TTTN\POS PROJECT\target\classes\log4j2.xml] OK.
2025-06-04T07:03:12.926870200Z main DEBUG Shutting down OutputStreamManager SYSTEM_OUT.false.false-1
2025-06-04T07:03:12.926870200Z main DEBUG OutputStream closed
2025-06-04T07:03:12.927875900Z main DEBUG Shut down OutputStreamManager SYSTEM_OUT.false.false-1, all resources released: true
2025-06-04T07:03:12.927875900Z main DEBUG Appender DefaultConsole-1 stopped with status true
2025-06-04T07:03:12.927875900Z main DEBUG Stopped org.apache.logging.log4j.core.config.DefaultConfiguration@6331250e OK
2025-06-04T07:03:13.086310900Z main DEBUG Registering MBean org.apache.logging.log4j2:type=70dea4e
2025-06-04T07:03:13.089942400Z main DEBUG Registering MBean org.apache.logging.log4j2:type=70dea4e,component=StatusLogger
2025-06-04T07:03:13.092473600Z main DEBUG Registering MBean org.apache.logging.log4j2:type=70dea4e,component=ContextSelector
2025-06-04T07:03:13.094493Z main DEBUG Registering MBean org.apache.logging.log4j2:type=70dea4e,component=Loggers,name=
2025-06-04T07:03:13.095500400Z main DEBUG Registering MBean org.apache.logging.log4j2:type=70dea4e,component=Loggers,name=PointOfSale
2025-06-04T07:03:13.096509Z main DEBUG Registering MBean org.apache.logging.log4j2:type=70dea4e,component=Appenders,name=LogToConsole
2025-06-04T07:03:13.097518600Z main DEBUG Registering MBean org.apache.logging.log4j2:type=70dea4e,component=Appenders,name=RollingFile
2025-06-04T07:03:13.099543900Z main DEBUG org.apache.logging.log4j.core.util.SystemClock supports precise timestamps.
2025-06-04T07:03:13.100556500Z main DEBUG Reconfiguration complete for context[name=70dea4e] at URI C:\TTTN\POS PROJECT\target\classes\log4j2.xml (org.apache.logging.log4j.core.LoggerContext@3e6534e7) with optional ClassLoader: null
2025-06-04T07:03:13.100556500Z main DEBUG Shutdown hook enabled. Registering a new one.
2025-06-04T07:03:13.101567Z main DEBUG LoggerContext[name=70dea4e, org.apache.logging.log4j.core.LoggerContext@3e6534e7] started OK.
[WARN ] 04-06-2025 14:03:13 [main] AuthenticationService - Logout failed: Token not found
2025-06-04T07:03:13.507139700Z main DEBUG Formatting file name. useCurrentTime=false. currentFileTime=1749020593505, prevFileTime=1748624400000
2025-06-04T07:03:13.509502300Z main DEBUG Current file: logs/POS.log
2025-06-04T07:03:13.510781700Z main DEBUG Eligible files: {}
2025-06-04T07:03:13.512246700Z main DEBUG Formatting file name. useCurrentTime=false. currentFileTime=1749020593505, prevFileTime=1748624400000
2025-06-04T07:03:13.513697500Z main DEBUG OutputStream closed
2025-06-04T07:03:13.514708200Z main DEBUG RollingFileManager executing synchronous FileRenameAction[logs\POS.log to logs\POS-2025-05-31-1.log, renameEmptyFiles=false]
2025-06-04T07:03:13.517733200Z main DEBUG Now writing to logs/POS.log at 2025-06-04T14:03:13.517+0700
]]></system-out>
    <system-err><![CDATA[Mockito is currently self-attaching to enable the inline-mock-maker. This will no longer work in future releases of the JDK. Please add Mockito as an agent to your build as described in Mockito's documentation: https://javadoc.io/doc/org.mockito/mockito-core/latest/org.mockito/org/mockito/Mockito.html#0.3
WARNING: A Java agent has been loaded dynamically (C:\Users\shido\.m2\repository\net\bytebuddy\byte-buddy-agent\1.17.5\byte-buddy-agent-1.17.5.jar)
WARNING: If a serviceability tool is in use, please run with -XX:+EnableDynamicAgentLoading to hide this warning
WARNING: If a serviceability tool is not in use, please run with -Djdk.instrument.traceUsage for more information
WARNING: Dynamic loading of agents will be disallowed by default in a future release
]]></system-err>
  </testcase>
  <testcase name="testGetUserFromTokenInvalid" classname="service.AuthenticationServiceImplTest" time="0.017">
    <system-out><![CDATA[[WARN ] 04-06-2025 14:03:13 [main] AuthenticationService - Token không hợp lệ hoặc đã hết hạn: token123
]]></system-out>
  </testcase>
  <testcase name="testLoginWithValidEmployee" classname="service.AuthenticationServiceImplTest" time="0.02">
    <system-out><![CDATA[[INFO ] 04-06-2025 14:03:13 [main] AuthenticationService - Login attempt for identifier: user
[INFO ] 04-06-2025 14:03:13 [main] AuthenticationService - Employee login successful for identifier: user
]]></system-out>
  </testcase>
  <testcase name="testLogoutSuccess" classname="service.AuthenticationServiceImplTest" time="0.007"/>
  <testcase name="testLoginWithValidOwner" classname="service.AuthenticationServiceImplTest" time="0.012">
    <system-out><![CDATA[[INFO ] 04-06-2025 14:03:13 [main] AuthenticationService - Login attempt for identifier: user
[INFO ] 04-06-2025 14:03:13 [main] AuthenticationService - Owner login successful for identifier: user
]]></system-out>
  </testcase>
  <testcase name="testLoginWithWrongPasswordForEmployee" classname="service.AuthenticationServiceImplTest" time="0.009">
    <system-out><![CDATA[[INFO ] 04-06-2025 14:03:13 [main] AuthenticationService - Login attempt for identifier: user
[WARN ] 04-06-2025 14:03:13 [main] AuthenticationService - Incorrect password for employee identifier: user
]]></system-out>
  </testcase>
  <testcase name="testGetUserFromTokenValid" classname="service.AuthenticationServiceImplTest" time="0.004"/>
  <testcase name="testLoginWithInvalidUsername" classname="service.AuthenticationServiceImplTest" time="0.008">
    <system-out><![CDATA[[INFO ] 04-06-2025 14:03:13 [main] AuthenticationService - Login attempt for identifier: unknown
[WARN ] 04-06-2025 14:03:13 [main] AuthenticationService - No account found with identifier: unknown
]]></system-out>
  </testcase>
</testsuite>